<?xml version="1.0" encoding="UTF-8"?>
<coverage generated="1509451975627" clover="3.2.0">
  <project timestamp="1509451975627" name="All files">
    <metrics statements="63" coveredstatements="55" conditionals="24" coveredconditionals="21" methods="25" coveredmethods="25" elements="112" coveredelements="101" complexity="0" loc="63" ncloc="63" packages="6" files="6" classes="6">
      <package name="actions">
        <metrics statements="31" coveredstatements="31" conditionals="4" coveredconditionals="3" methods="17" coveredmethods="17"/>
        <file name="index.js" path="C:\Users\Anton_Varzin\Desktop\Mentoring\Task 5\src\locale\jsx\actions\index.js">
          <metrics statements="31" coveredstatements="31" conditionals="4" coveredconditionals="3" methods="17" coveredmethods="17"/>
          <line num="3" count="2" type="stmt"/>
          <line num="4" count="2" type="stmt"/>
          <line num="5" count="2" type="stmt"/>
          <line num="6" count="2" type="cond" truecount="2" falsecount="0"/>
          <line num="7" count="1" type="stmt"/>
          <line num="8" count="1" type="stmt"/>
          <line num="10" count="1" type="stmt"/>
          <line num="12" count="1" type="cond" truecount="1" falsecount="1"/>
          <line num="13" count="1" type="stmt"/>
          <line num="14" count="1" type="stmt"/>
          <line num="16" count="1" type="stmt"/>
          <line num="17" count="1" type="stmt"/>
          <line num="18" count="2" type="stmt"/>
          <line num="20" count="1" type="stmt"/>
          <line num="26" count="2" type="stmt"/>
          <line num="27" count="1" type="stmt"/>
          <line num="28" count="1" type="stmt"/>
          <line num="29" count="1" type="stmt"/>
          <line num="31" count="1" type="stmt"/>
          <line num="35" count="2" type="stmt"/>
          <line num="36" count="4" type="stmt"/>
          <line num="41" count="2" type="stmt"/>
          <line num="42" count="3" type="stmt"/>
          <line num="47" count="2" type="stmt"/>
          <line num="48" count="4" type="stmt"/>
          <line num="53" count="2" type="stmt"/>
          <line num="54" count="2" type="stmt"/>
          <line num="59" count="2" type="stmt"/>
          <line num="60" count="2" type="stmt"/>
          <line num="65" count="2" type="stmt"/>
          <line num="66" count="2" type="stmt"/>
        </file>
      </package>
      <package name="components.FullInfoContainer">
        <metrics statements="1" coveredstatements="1" conditionals="0" coveredconditionals="0" methods="1" coveredmethods="1"/>
        <file name="FullInfoContainer.jsx" path="C:\Users\Anton_Varzin\Desktop\Mentoring\Task 5\src\locale\jsx\components\FullInfoContainer\FullInfoContainer.jsx">
          <metrics statements="1" coveredstatements="1" conditionals="0" coveredconditionals="0" methods="1" coveredmethods="1"/>
          <line num="8" count="1" type="stmt"/>
        </file>
      </package>
      <package name="components.FullInfoContainer.components.FullDescription">
        <metrics statements="6" coveredstatements="6" conditionals="6" coveredconditionals="6" methods="2" coveredmethods="2"/>
        <file name="FullDescription.jsx" path="C:\Users\Anton_Varzin\Desktop\Mentoring\Task 5\src\locale\jsx\components\FullInfoContainer\components\FullDescription\FullDescription.jsx">
          <metrics statements="6" coveredstatements="6" conditionals="6" coveredconditionals="6" methods="2" coveredmethods="2"/>
          <line num="6" count="3" type="stmt"/>
          <line num="7" count="3" type="stmt"/>
          <line num="8" count="3" type="cond" truecount="2" falsecount="0"/>
          <line num="9" count="2" type="stmt"/>
          <line num="10" count="8" type="stmt"/>
          <line num="13" count="3" type="stmt"/>
        </file>
      </package>
      <package name="components.FullInfoContainer.components.Header">
        <metrics statements="1" coveredstatements="1" conditionals="0" coveredconditionals="0" methods="1" coveredmethods="1"/>
        <file name="Header.jsx" path="C:\Users\Anton_Varzin\Desktop\Mentoring\Task 5\src\locale\jsx\components\FullInfoContainer\components\Header\Header.jsx">
          <metrics statements="1" coveredstatements="1" conditionals="0" coveredconditionals="0" methods="1" coveredmethods="1"/>
          <line num="8" count="1" type="stmt"/>
        </file>
      </package>
      <package name="components.common">
        <metrics statements="2" coveredstatements="2" conditionals="4" coveredconditionals="2" methods="2" coveredmethods="2"/>
        <file name="Button.jsx" path="C:\Users\Anton_Varzin\Desktop\Mentoring\Task 5\src\locale\jsx\components\common\Button.jsx">
          <metrics statements="2" coveredstatements="2" conditionals="4" coveredconditionals="2" methods="2" coveredmethods="2"/>
          <line num="5" count="1" type="stmt"/>
          <line num="8" count="1" type="stmt"/>
        </file>
      </package>
      <package name="reducers">
        <metrics statements="22" coveredstatements="14" conditionals="10" coveredconditionals="10" methods="2" coveredmethods="2"/>
        <file name="index.js" path="C:\Users\Anton_Varzin\Desktop\Mentoring\Task 5\src\locale\jsx\reducers\index.js">
          <metrics statements="22" coveredstatements="14" conditionals="10" coveredconditionals="10" methods="2" coveredmethods="2"/>
          <line num="3" count="1" type="stmt"/>
          <line num="11" count="1" type="cond" truecount="1" falsecount="0"/>
          <line num="12" count="8" type="cond" truecount="6" falsecount="0"/>
          <line num="14" count="1" type="stmt"/>
          <line num="15" count="0" type="stmt"/>
          <line num="17" count="1" type="stmt"/>
          <line num="18" count="0" type="stmt"/>
          <line num="20" count="1" type="stmt"/>
          <line num="21" count="0" type="stmt"/>
          <line num="23" count="1" type="stmt"/>
          <line num="24" count="0" type="stmt"/>
          <line num="26" count="1" type="stmt"/>
          <line num="27" count="0" type="stmt"/>
          <line num="29" count="3" type="stmt"/>
          <line num="30" count="0" type="stmt"/>
          <line num="33" count="1" type="cond" truecount="1" falsecount="0"/>
          <line num="34" count="4" type="cond" truecount="2" falsecount="0"/>
          <line num="36" count="1" type="stmt"/>
          <line num="37" count="0" type="stmt"/>
          <line num="40" count="3" type="stmt"/>
          <line num="41" count="0" type="stmt"/>
          <line num="44" count="1" type="stmt"/>
        </file>
      </package>
    </metrics>
  </project>
</coverage>
