{"C:\\Users\\Anton_Varzin\\Desktop\\Mentoring\\Task 5\\src\\locale\\jsx\\actions\\index.js": {"path":"C:\\Users\\Anton_Varzin\\Desktop\\Mentoring\\Task 5\\src\\locale\\jsx\\actions\\index.js","statementMap":{"0":{"start":{"line":3,"column":26},"end":{"line":25,"column":1}},"1":{"start":{"line":4,"column":4},"end":{"line":24,"column":5}},"2":{"start":{"line":5,"column":8},"end":{"line":5,"column":37}},"3":{"start":{"line":6,"column":8},"end":{"line":22,"column":9}},"4":{"start":{"line":7,"column":12},"end":{"line":11,"column":10}},"5":{"start":{"line":8,"column":21},"end":{"line":8,"column":31}},"6":{"start":{"line":10,"column":12},"end":{"line":10,"column":49}},"7":{"start":{"line":12,"column":14},"end":{"line":22,"column":9}},"8":{"start":{"line":13,"column":12},"end":{"line":21,"column":10}},"9":{"start":{"line":14,"column":21},"end":{"line":14,"column":31}},"10":{"start":{"line":16,"column":25},"end":{"line":16,"column":27}},"11":{"start":{"line":17,"column":12},"end":{"line":19,"column":21}},"12":{"start":{"line":18,"column":15},"end":{"line":18,"column":58}},"13":{"start":{"line":20,"column":12},"end":{"line":20,"column":43}},"14":{"start":{"line":26,"column":32},"end":{"line":34,"column":1}},"15":{"start":{"line":27,"column":4},"end":{"line":33,"column":5}},"16":{"start":{"line":28,"column":8},"end":{"line":32,"column":10}},"17":{"start":{"line":29,"column":21},"end":{"line":29,"column":31}},"18":{"start":{"line":31,"column":12},"end":{"line":31,"column":47}},"19":{"start":{"line":35,"column":27},"end":{"line":40,"column":1}},"20":{"start":{"line":36,"column":4},"end":{"line":39,"column":6}},"21":{"start":{"line":41,"column":34},"end":{"line":46,"column":1}},"22":{"start":{"line":42,"column":4},"end":{"line":45,"column":5}},"23":{"start":{"line":47,"column":28},"end":{"line":52,"column":1}},"24":{"start":{"line":48,"column":4},"end":{"line":51,"column":5}},"25":{"start":{"line":53,"column":31},"end":{"line":58,"column":1}},"26":{"start":{"line":54,"column":4},"end":{"line":57,"column":6}},"27":{"start":{"line":59,"column":30},"end":{"line":64,"column":1}},"28":{"start":{"line":60,"column":4},"end":{"line":63,"column":5}},"29":{"start":{"line":65,"column":29},"end":{"line":70,"column":1}},"30":{"start":{"line":66,"column":4},"end":{"line":69,"column":6}}},"fnMap":{"0":{"name":"(anonymous_0)","decl":{"start":{"line":3,"column":26},"end":{"line":3,"column":27}},"loc":{"start":{"line":3,"column":45},"end":{"line":25,"column":1}},"line":3},"1":{"name":"(anonymous_1)","decl":{"start":{"line":4,"column":11},"end":{"line":4,"column":12}},"loc":{"start":{"line":4,"column":29},"end":{"line":24,"column":5}},"line":4},"2":{"name":"(anonymous_2)","decl":{"start":{"line":8,"column":14},"end":{"line":8,"column":15}},"loc":{"start":{"line":8,"column":21},"end":{"line":8,"column":31}},"line":8},"3":{"name":"(anonymous_3)","decl":{"start":{"line":9,"column":14},"end":{"line":9,"column":15}},"loc":{"start":{"line":9,"column":30},"end":{"line":11,"column":9}},"line":9},"4":{"name":"(anonymous_4)","decl":{"start":{"line":14,"column":14},"end":{"line":14,"column":15}},"loc":{"start":{"line":14,"column":21},"end":{"line":14,"column":31}},"line":14},"5":{"name":"(anonymous_5)","decl":{"start":{"line":15,"column":14},"end":{"line":15,"column":15}},"loc":{"start":{"line":15,"column":30},"end":{"line":21,"column":9}},"line":15},"6":{"name":"(anonymous_6)","decl":{"start":{"line":17,"column":33},"end":{"line":17,"column":34}},"loc":{"start":{"line":17,"column":51},"end":{"line":19,"column":13}},"line":17},"7":{"name":"(anonymous_7)","decl":{"start":{"line":26,"column":32},"end":{"line":26,"column":33}},"loc":{"start":{"line":26,"column":40},"end":{"line":34,"column":1}},"line":26},"8":{"name":"(anonymous_8)","decl":{"start":{"line":27,"column":11},"end":{"line":27,"column":12}},"loc":{"start":{"line":27,"column":29},"end":{"line":33,"column":5}},"line":27},"9":{"name":"(anonymous_9)","decl":{"start":{"line":29,"column":14},"end":{"line":29,"column":15}},"loc":{"start":{"line":29,"column":21},"end":{"line":29,"column":31}},"line":29},"10":{"name":"(anonymous_10)","decl":{"start":{"line":30,"column":14},"end":{"line":30,"column":15}},"loc":{"start":{"line":30,"column":30},"end":{"line":32,"column":9}},"line":30},"11":{"name":"(anonymous_11)","decl":{"start":{"line":35,"column":27},"end":{"line":35,"column":28}},"loc":{"start":{"line":35,"column":38},"end":{"line":40,"column":1}},"line":35},"12":{"name":"(anonymous_12)","decl":{"start":{"line":41,"column":34},"end":{"line":41,"column":35}},"loc":{"start":{"line":41,"column":44},"end":{"line":46,"column":1}},"line":41},"13":{"name":"(anonymous_13)","decl":{"start":{"line":47,"column":28},"end":{"line":47,"column":29}},"loc":{"start":{"line":47,"column":38},"end":{"line":52,"column":1}},"line":47},"14":{"name":"(anonymous_14)","decl":{"start":{"line":53,"column":31},"end":{"line":53,"column":32}},"loc":{"start":{"line":53,"column":43},"end":{"line":58,"column":1}},"line":53},"15":{"name":"(anonymous_15)","decl":{"start":{"line":59,"column":30},"end":{"line":59,"column":31}},"loc":{"start":{"line":59,"column":41},"end":{"line":64,"column":1}},"line":59},"16":{"name":"(anonymous_16)","decl":{"start":{"line":65,"column":29},"end":{"line":65,"column":30}},"loc":{"start":{"line":65,"column":41},"end":{"line":70,"column":1}},"line":65}},"branchMap":{"0":{"loc":{"start":{"line":6,"column":8},"end":{"line":22,"column":9}},"type":"if","locations":[{"start":{"line":6,"column":8},"end":{"line":22,"column":9}},{"start":{"line":6,"column":8},"end":{"line":22,"column":9}}],"line":6},"1":{"loc":{"start":{"line":12,"column":14},"end":{"line":22,"column":9}},"type":"if","locations":[{"start":{"line":12,"column":14},"end":{"line":22,"column":9}},{"start":{"line":12,"column":14},"end":{"line":22,"column":9}}],"line":12}},"s":{"0":2,"1":2,"2":2,"3":2,"4":1,"5":1,"6":1,"7":1,"8":1,"9":1,"10":1,"11":1,"12":2,"13":1,"14":2,"15":1,"16":1,"17":1,"18":1,"19":2,"20":4,"21":2,"22":3,"23":2,"24":4,"25":2,"26":2,"27":2,"28":2,"29":2,"30":2},"f":{"0":2,"1":2,"2":1,"3":1,"4":1,"5":1,"6":2,"7":1,"8":1,"9":1,"10":1,"11":4,"12":3,"13":4,"14":2,"15":2,"16":2},"b":{"0":[1,1],"1":[1,0]},"_coverageSchema":"332fd63041d2c1bcb487cc26dd0d5f7d97098a6c","hash":"69a703efd6796af5df5b7c96a5f06ec42e761e25"}
,"C:\\Users\\Anton_Varzin\\Desktop\\Mentoring\\Task 5\\src\\locale\\jsx\\components\\FullInfoContainer\\FullInfoContainer.jsx": {"path":"C:\\Users\\Anton_Varzin\\Desktop\\Mentoring\\Task 5\\src\\locale\\jsx\\components\\FullInfoContainer\\FullInfoContainer.jsx","statementMap":{"0":{"start":{"line":8,"column":8},"end":{"line":13,"column":9}}},"fnMap":{"0":{"name":"(anonymous_0)","decl":{"start":{"line":7,"column":4},"end":{"line":7,"column":5}},"loc":{"start":{"line":7,"column":13},"end":{"line":14,"column":5}},"line":7}},"branchMap":{},"s":{"0":1},"f":{"0":1},"b":{},"_coverageSchema":"332fd63041d2c1bcb487cc26dd0d5f7d97098a6c","hash":"6462e46c2eed99438b7772083f2192cc89fb15a4"}
,"C:\\Users\\Anton_Varzin\\Desktop\\Mentoring\\Task 5\\src\\locale\\jsx\\components\\FullInfoContainer\\components\\FullDescription\\FullDescription.jsx": {"path":"C:\\Users\\Anton_Varzin\\Desktop\\Mentoring\\Task 5\\src\\locale\\jsx\\components\\FullInfoContainer\\components\\FullDescription\\FullDescription.jsx","statementMap":{"0":{"start":{"line":6,"column":19},"end":{"line":6,"column":37}},"1":{"start":{"line":7,"column":20},"end":{"line":7,"column":22}},"2":{"start":{"line":8,"column":8},"end":{"line":12,"column":9}},"3":{"start":{"line":9,"column":12},"end":{"line":11,"column":17}},"4":{"start":{"line":10,"column":12},"end":{"line":10,"column":39}},"5":{"start":{"line":13,"column":8},"end":{"line":28,"column":9}}},"fnMap":{"0":{"name":"(anonymous_0)","decl":{"start":{"line":5,"column":4},"end":{"line":5,"column":5}},"loc":{"start":{"line":5,"column":13},"end":{"line":29,"column":5}},"line":5},"1":{"name":"(anonymous_1)","decl":{"start":{"line":9,"column":32},"end":{"line":9,"column":33}},"loc":{"start":{"line":9,"column":48},"end":{"line":11,"column":9}},"line":9}},"branchMap":{"0":{"loc":{"start":{"line":8,"column":8},"end":{"line":12,"column":9}},"type":"if","locations":[{"start":{"line":8,"column":8},"end":{"line":12,"column":9}},{"start":{"line":8,"column":8},"end":{"line":12,"column":9}}],"line":8},"1":{"loc":{"start":{"line":14,"column":12},"end":{"line":27,"column":43}},"type":"cond-expr","locations":[{"start":{"line":14,"column":21},"end":{"line":27,"column":18}},{"start":{"line":27,"column":22},"end":{"line":27,"column":43}}],"line":14},"2":{"loc":{"start":{"line":15,"column":26},"end":{"line":15,"column":144}},"type":"cond-expr","locations":[{"start":{"line":15,"column":45},"end":{"line":15,"column":111}},{"start":{"line":15,"column":114},"end":{"line":15,"column":144}}],"line":15}},"s":{"0":3,"1":3,"2":3,"3":2,"4":8,"5":3},"f":{"0":3,"1":8},"b":{"0":[2,1],"1":[2,1],"2":[1,1]},"_coverageSchema":"332fd63041d2c1bcb487cc26dd0d5f7d97098a6c","hash":"0b36992aa09fda36f86f6ca72184cc1bb6d2a2d2"}
,"C:\\Users\\Anton_Varzin\\Desktop\\Mentoring\\Task 5\\src\\locale\\jsx\\components\\FullInfoContainer\\components\\Header\\Header.jsx": {"path":"C:\\Users\\Anton_Varzin\\Desktop\\Mentoring\\Task 5\\src\\locale\\jsx\\components\\FullInfoContainer\\components\\Header\\Header.jsx","statementMap":{"0":{"start":{"line":8,"column":8},"end":{"line":15,"column":9}}},"fnMap":{"0":{"name":"(anonymous_0)","decl":{"start":{"line":7,"column":4},"end":{"line":7,"column":5}},"loc":{"start":{"line":7,"column":13},"end":{"line":16,"column":5}},"line":7}},"branchMap":{},"s":{"0":1},"f":{"0":1},"b":{},"_coverageSchema":"332fd63041d2c1bcb487cc26dd0d5f7d97098a6c","hash":"5bdf2d7447c94d2f651e850534180089819e4eb3"}
,"C:\\Users\\Anton_Varzin\\Desktop\\Mentoring\\Task 5\\src\\locale\\jsx\\components\\common\\Button.jsx": {"path":"C:\\Users\\Anton_Varzin\\Desktop\\Mentoring\\Task 5\\src\\locale\\jsx\\components\\common\\Button.jsx","statementMap":{"0":{"start":{"line":5,"column":8},"end":{"line":5,"column":21}},"1":{"start":{"line":8,"column":8},"end":{"line":12,"column":9}}},"fnMap":{"0":{"name":"(anonymous_0)","decl":{"start":{"line":4,"column":4},"end":{"line":4,"column":5}},"loc":{"start":{"line":4,"column":22},"end":{"line":6,"column":5}},"line":4},"1":{"name":"(anonymous_1)","decl":{"start":{"line":7,"column":4},"end":{"line":7,"column":5}},"loc":{"start":{"line":7,"column":13},"end":{"line":13,"column":5}},"line":7}},"branchMap":{"0":{"loc":{"start":{"line":9,"column":86},"end":{"line":9,"column":129}},"type":"cond-expr","locations":[{"start":{"line":9,"column":105},"end":{"line":9,"column":124}},{"start":{"line":9,"column":127},"end":{"line":9,"column":129}}],"line":9},"1":{"loc":{"start":{"line":9,"column":140},"end":{"line":9,"column":182}},"type":"cond-expr","locations":[{"start":{"line":9,"column":169},"end":{"line":9,"column":177}},{"start":{"line":9,"column":180},"end":{"line":9,"column":182}}],"line":9}},"s":{"0":1,"1":1},"f":{"0":1,"1":1},"b":{"0":[0,1],"1":[0,1]},"_coverageSchema":"332fd63041d2c1bcb487cc26dd0d5f7d97098a6c","hash":"f42f7b8317340b4e381bb2e52ba579f6f7be3c54"}
,"C:\\Users\\Anton_Varzin\\Desktop\\Mentoring\\Task 5\\src\\locale\\jsx\\reducers\\index.js": {"path":"C:\\Users\\Anton_Varzin\\Desktop\\Mentoring\\Task 5\\src\\locale\\jsx\\reducers\\index.js","statementMap":{"0":{"start":{"line":3,"column":20},"end":{"line":9,"column":1}},"1":{"start":{"line":11,"column":22},"end":{"line":32,"column":1}},"2":{"start":{"line":12,"column":4},"end":{"line":31,"column":5}},"3":{"start":{"line":14,"column":12},"end":{"line":14,"column":51}},"4":{"start":{"line":15,"column":12},"end":{"line":15,"column":18}},"5":{"start":{"line":17,"column":12},"end":{"line":17,"column":48}},"6":{"start":{"line":18,"column":12},"end":{"line":18,"column":18}},"7":{"start":{"line":20,"column":12},"end":{"line":20,"column":69}},"8":{"start":{"line":21,"column":12},"end":{"line":21,"column":18}},"9":{"start":{"line":23,"column":12},"end":{"line":23,"column":60}},"10":{"start":{"line":24,"column":12},"end":{"line":24,"column":18}},"11":{"start":{"line":26,"column":12},"end":{"line":26,"column":76}},"12":{"start":{"line":27,"column":12},"end":{"line":27,"column":18}},"13":{"start":{"line":29,"column":12},"end":{"line":29,"column":25}},"14":{"start":{"line":30,"column":12},"end":{"line":30,"column":18}},"15":{"start":{"line":33,"column":26},"end":{"line":43,"column":1}},"16":{"start":{"line":34,"column":4},"end":{"line":42,"column":5}},"17":{"start":{"line":36,"column":12},"end":{"line":36,"column":33}},"18":{"start":{"line":37,"column":12},"end":{"line":37,"column":18}},"19":{"start":{"line":40,"column":12},"end":{"line":40,"column":25}},"20":{"start":{"line":41,"column":12},"end":{"line":41,"column":18}},"21":{"start":{"line":44,"column":13},"end":{"line":44,"column":50}}},"fnMap":{"0":{"name":"(anonymous_0)","decl":{"start":{"line":11,"column":22},"end":{"line":11,"column":23}},"loc":{"start":{"line":11,"column":149},"end":{"line":32,"column":1}},"line":11},"1":{"name":"(anonymous_1)","decl":{"start":{"line":33,"column":26},"end":{"line":33,"column":27}},"loc":{"start":{"line":33,"column":70},"end":{"line":43,"column":1}},"line":33}},"branchMap":{"0":{"loc":{"start":{"line":11,"column":23},"end":{"line":11,"column":136}},"type":"default-arg","locations":[{"start":{"line":11,"column":31},"end":{"line":11,"column":136}}],"line":11},"1":{"loc":{"start":{"line":12,"column":4},"end":{"line":31,"column":5}},"type":"switch","locations":[{"start":{"line":13,"column":8},"end":{"line":15,"column":18}},{"start":{"line":16,"column":8},"end":{"line":18,"column":18}},{"start":{"line":19,"column":8},"end":{"line":21,"column":18}},{"start":{"line":22,"column":8},"end":{"line":24,"column":18}},{"start":{"line":25,"column":8},"end":{"line":27,"column":18}},{"start":{"line":28,"column":8},"end":{"line":30,"column":18}}],"line":12},"2":{"loc":{"start":{"line":33,"column":27},"end":{"line":33,"column":57}},"type":"default-arg","locations":[{"start":{"line":33,"column":35},"end":{"line":33,"column":57}}],"line":33},"3":{"loc":{"start":{"line":34,"column":4},"end":{"line":42,"column":5}},"type":"switch","locations":[{"start":{"line":35,"column":8},"end":{"line":37,"column":18}},{"start":{"line":39,"column":8},"end":{"line":41,"column":18}}],"line":34}},"s":{"0":1,"1":1,"2":8,"3":1,"4":0,"5":1,"6":0,"7":1,"8":0,"9":1,"10":0,"11":1,"12":0,"13":3,"14":0,"15":1,"16":4,"17":1,"18":0,"19":3,"20":0,"21":1},"f":{"0":8,"1":4},"b":{"0":[8],"1":[1,1,1,1,1,3],"2":[4],"3":[1,3]},"_coverageSchema":"332fd63041d2c1bcb487cc26dd0d5f7d97098a6c","hash":"b8a22aebddf60f5a1cd5ab86c59a776eae82c059"}
}
