TN:
SF:C:\Users\Anton_Varzin\Desktop\Mentoring\Task 5\src\locale\jsx\actions\index.js
FN:3,(anonymous_0)
FN:4,(anonymous_1)
FN:8,(anonymous_2)
FN:9,(anonymous_3)
FN:14,(anonymous_4)
FN:15,(anonymous_5)
FN:17,(anonymous_6)
FN:26,(anonymous_7)
FN:27,(anonymous_8)
FN:29,(anonymous_9)
FN:30,(anonymous_10)
FN:35,(anonymous_11)
FN:41,(anonymous_12)
FN:47,(anonymous_13)
FN:53,(anonymous_14)
FN:59,(anonymous_15)
FN:65,(anonymous_16)
FNF:17
FNH:17
FNDA:2,(anonymous_0)
FNDA:2,(anonymous_1)
FNDA:1,(anonymous_2)
FNDA:1,(anonymous_3)
FNDA:1,(anonymous_4)
FNDA:1,(anonymous_5)
FNDA:2,(anonymous_6)
FNDA:1,(anonymous_7)
FNDA:1,(anonymous_8)
FNDA:1,(anonymous_9)
FNDA:1,(anonymous_10)
FNDA:4,(anonymous_11)
FNDA:3,(anonymous_12)
FNDA:4,(anonymous_13)
FNDA:2,(anonymous_14)
FNDA:2,(anonymous_15)
FNDA:2,(anonymous_16)
DA:3,2
DA:4,2
DA:5,2
DA:6,2
DA:7,1
DA:8,1
DA:10,1
DA:12,1
DA:13,1
DA:14,1
DA:16,1
DA:17,1
DA:18,2
DA:20,1
DA:26,2
DA:27,1
DA:28,1
DA:29,1
DA:31,1
DA:35,2
DA:36,4
DA:41,2
DA:42,3
DA:47,2
DA:48,4
DA:53,2
DA:54,2
DA:59,2
DA:60,2
DA:65,2
DA:66,2
LF:31
LH:31
BRDA:6,0,0,1
BRDA:6,0,1,1
BRDA:12,1,0,1
BRDA:12,1,1,0
BRF:4
BRH:3
end_of_record
TN:
SF:C:\Users\Anton_Varzin\Desktop\Mentoring\Task 5\src\locale\jsx\components\FullInfoContainer\FullInfoContainer.jsx
FN:7,(anonymous_0)
FNF:1
FNH:1
FNDA:1,(anonymous_0)
DA:8,1
LF:1
LH:1
BRF:0
BRH:0
end_of_record
TN:
SF:C:\Users\Anton_Varzin\Desktop\Mentoring\Task 5\src\locale\jsx\components\FullInfoContainer\components\FullDescription\FullDescription.jsx
FN:5,(anonymous_0)
FN:9,(anonymous_1)
FNF:2
FNH:2
FNDA:3,(anonymous_0)
FNDA:8,(anonymous_1)
DA:6,3
DA:7,3
DA:8,3
DA:9,2
DA:10,8
DA:13,3
LF:6
LH:6
BRDA:8,0,0,2
BRDA:8,0,1,1
BRDA:14,1,0,2
BRDA:14,1,1,1
BRDA:15,2,0,1
BRDA:15,2,1,1
BRF:6
BRH:6
end_of_record
TN:
SF:C:\Users\Anton_Varzin\Desktop\Mentoring\Task 5\src\locale\jsx\components\FullInfoContainer\components\Header\Header.jsx
FN:7,(anonymous_0)
FNF:1
FNH:1
FNDA:1,(anonymous_0)
DA:8,1
LF:1
LH:1
BRF:0
BRH:0
end_of_record
TN:
SF:C:\Users\Anton_Varzin\Desktop\Mentoring\Task 5\src\locale\jsx\components\common\Button.jsx
FN:4,(anonymous_0)
FN:7,(anonymous_1)
FNF:2
FNH:2
FNDA:1,(anonymous_0)
FNDA:1,(anonymous_1)
DA:5,1
DA:8,1
LF:2
LH:2
BRDA:9,0,0,0
BRDA:9,0,1,1
BRDA:9,1,0,0
BRDA:9,1,1,1
BRF:4
BRH:2
end_of_record
TN:
SF:C:\Users\Anton_Varzin\Desktop\Mentoring\Task 5\src\locale\jsx\reducers\index.js
FN:11,(anonymous_0)
FN:33,(anonymous_1)
FNF:2
FNH:2
FNDA:8,(anonymous_0)
FNDA:4,(anonymous_1)
DA:3,1
DA:11,1
DA:12,8
DA:14,1
DA:15,0
DA:17,1
DA:18,0
DA:20,1
DA:21,0
DA:23,1
DA:24,0
DA:26,1
DA:27,0
DA:29,3
DA:30,0
DA:33,1
DA:34,4
DA:36,1
DA:37,0
DA:40,3
DA:41,0
DA:44,1
LF:22
LH:14
BRDA:11,0,0,8
BRDA:12,1,0,1
BRDA:12,1,1,1
BRDA:12,1,2,1
BRDA:12,1,3,1
BRDA:12,1,4,1
BRDA:12,1,5,3
BRDA:33,2,0,4
BRDA:34,3,0,1
BRDA:34,3,1,3
BRF:10
BRH:10
end_of_record
